===== EMAIL NOTIFICATION: 2025-03-24 15:39:34 =====
To: a@gmail.com
Subject: Registration Approved
Body: Your registration has been approved. You can now log in to the system.
==============================

===== EMAIL NOTIFICATION: 2025-03-24 15:39:40 =====
To: a2@gmail.com
Subject: Registration Approved
Body: Your registration has been approved. You can now log in to the system.
==============================

===== EMAIL NOTIFICATION: 2025-03-25 16:32:28 =====
To: student@gmail.com
Subject: Registration Approved
Body: Your registration has been approved. You can now log in to the system.
==============================

===== EMAIL NOTIFICATION: 2025-03-25 16:34:06 =====
To: student2@gmail.com
Subject: Registration Approved
Body: Your registration has been approved. You can now log in to the system.
==============================

===== EMAIL NOTIFICATION: 2025-03-25 16:36:18 =====
To: student2@gmail.com
Subject: Registration Approved
Body: Your registration has been approved. You can now log in to the system.
==============================

===== EMAIL NOTIFICATION: 2025-03-25 16:37:35 =====
To: student2@gmail.com
Subject: Registration Approved
Body: Your registration has been approved. You can now log in to the system.
==============================

